2024-06-01 11:01:20 [[32minfo[39m]: POST /api/v1/categories/432eb980-0885-4ae7-88f6-c0d1605c2daf/sub-categories 404 146ms {"ip":"::1","userAgent":"PostmanRuntime/7.37.3"}
2024-06-01 11:01:32 [[32minfo[39m]: GET /api/v1/categories 200 25ms {"ip":"::1","userAgent":"PostmanRuntime/7.37.3"}
2024-06-01 11:02:00 [[32minfo[39m]: POST /api/v1/categories/2475f336-641d-4b15-9e20-c79d7ff276e7/sub-categories 500 21ms {"ip":"::1","userAgent":"PostmanRuntime/7.37.3"}
2024-06-01 11:02:09 [[32minfo[39m]: POST /api/v1/categories/2475f336-641d-4b15-9e20-c79d7ff276e7/sub-categories 500 52ms {"ip":"::1","userAgent":"PostmanRuntime/7.37.3"}
2024-06-01 11:02:22 [[32minfo[39m]: GET /api/v1/categories/4e8c78ea-bb8c-4e6c-93dd-be04536e5f91/sub-categories 404 20ms {"ip":"::1","userAgent":"PostmanRuntime/7.37.3"}
2024-06-01 11:02:27 [[32minfo[39m]: GET /api/v1/categories/2475f336-641d-4b15-9e20-c79d7ff276e7/sub-categories 200 10ms {"ip":"::1","userAgent":"PostmanRuntime/7.37.3"}
2024-06-01 11:03:22 [[32minfo[39m]: DELETE /api/v1/categories/50c91060-75da-438f-94a9-3aee6e4a479a 200 74ms {"ip":"::1","userAgent":"PostmanRuntime/7.37.3"}
2024-06-01 11:03:27 [[32minfo[39m]: GET /api/v1/categories 200 3ms {"ip":"::1","userAgent":"PostmanRuntime/7.37.3"}
2024-06-01 11:03:38 [[32minfo[39m]: POST /api/v1/categories/2475f336-641d-4b15-9e20-c79d7ff276e7/sub-categories 500 27ms {"ip":"::1","userAgent":"PostmanRuntime/7.37.3"}
2024-06-01 11:03:58 [[32minfo[39m]: POST /api/v1/categories/2475f336-641d-4b15-9e20-c79d7ff276e7/sub-categories 200 146ms {"ip":"::1","userAgent":"PostmanRuntime/7.37.3"}
2024-06-01 11:05:18 [[32minfo[39m]: POST /api/v1/categories/2475f336-641d-4b15-9e20-c79d7ff276e7/sub-categories 200 153ms {"ip":"::1","userAgent":"PostmanRuntime/7.37.3"}
2024-06-01 11:06:08 [[32minfo[39m]: GET /api/v1/categories/2475f336-641d-4b15-9e20-c79d7ff276e7/sub-categories 200 78ms {"ip":"::1","userAgent":"PostmanRuntime/7.37.3"}
2024-06-01 11:07:31 [[32minfo[39m]: DELETE /api/v1/categories/4e30a22d-9712-4a55-a324-822a41178bb6/sub-categories/74e86cd2-4732-4a99-9f17-1de82916b964 404 76ms {"ip":"::1","userAgent":"PostmanRuntime/7.37.3"}
2024-06-01 11:07:50 [[32minfo[39m]: DELETE /api/v1/categories/2475f336-641d-4b15-9e20-c79d7ff276e7/sub-categories/74e86cd2-4732-4a99-9f17-1de82916b964 200 78ms {"ip":"::1","userAgent":"PostmanRuntime/7.37.3"}
2024-06-01 11:07:53 [[32minfo[39m]: GET /api/v1/categories/2475f336-641d-4b15-9e20-c79d7ff276e7/sub-categories 200 8ms {"ip":"::1","userAgent":"PostmanRuntime/7.37.3"}
2024-06-01 11:31:49 [[32minfo[39m]: POST /api/v1/categories/432eb980-0885-4ae7-88f6-c0d1605c2daf/sub-categories/a4dc707b-af83-4bea-ac88-23e97b6039b8 404 110ms {"ip":"::1","userAgent":"PostmanRuntime/7.37.3"}
2024-06-01 11:32:05 [[32minfo[39m]: GET /api/v1/categories/2475f336-641d-4b15-9e20-c79d7ff276e7/sub-categories 200 32ms {"ip":"::1","userAgent":"PostmanRuntime/7.37.3"}
2024-06-01 11:33:17 [[32minfo[39m]: POST /api/v1/categories/2475f336-641d-4b15-9e20-c79d7ff276e7/sub-categories/ac998b85-b9fb-48f2-9a7e-e00b3ceb49f2 400 29ms {"ip":"::1","userAgent":"PostmanRuntime/7.37.3"}
2024-06-01 11:33:42 [[32minfo[39m]: POST /api/v1/categories/2475f336-641d-4b15-9e20-c79d7ff276e7/sub-categories/ac998b85-b9fb-48f2-9a7e-e00b3ceb49f2 200 170ms {"ip":"::1","userAgent":"PostmanRuntime/7.37.3"}
2024-06-01 11:34:13 [[32minfo[39m]: GET /api/v1/products/4ba73446-3bc7-452c-8a82-bc2d3fc8b90b 200 26ms {"ip":"::1","userAgent":"PostmanRuntime/7.37.3"}
2024-06-01 11:34:20 [[32minfo[39m]: GET /api/v1/products/search?keyword=kaguya%20sama&category_id=4e8c78ea-bb8c-4e6c-93dd-be04536e5f91&sub_category_id=a665ffb9-3045-4cf3-a4f5-78b3db5b4bfd&page=2&size=5 200 16ms {"ip":"::1","userAgent":"PostmanRuntime/7.37.3"}
2024-06-01 11:34:28 [[32minfo[39m]: GET /api/v1/products/search?keyword=one&category_id=4e8c78ea-bb8c-4e6c-93dd-be04536e5f91&sub_category_id=a665ffb9-3045-4cf3-a4f5-78b3db5b4bfd&page=2&size=5 200 7ms {"ip":"::1","userAgent":"PostmanRuntime/7.37.3"}
2024-06-01 11:34:43 [[32minfo[39m]: GET /api/v1/products/search?keyword=one 200 24ms {"ip":"::1","userAgent":"PostmanRuntime/7.37.3"}
2024-06-01 11:35:10 [[32minfo[39m]: GET /api/v1/products/search?keyword=one&category_id=2475f336-641d-4b15-9e20-c79d7ff276e7&sub_category_id=ac998b85-b9fb-48f2-9a7e-e00b3ceb49f2&page=2&size=5 200 22ms {"ip":"::1","userAgent":"PostmanRuntime/7.37.3"}
2024-06-01 11:35:37 [[32minfo[39m]: GET /api/v1/products/search?keyword=one&category_id=2475f336-641d-4b15-9e20-c79d7ff276e7&sub_category_id=ac998b85-b9fb-48f2-9a7e-e00b3ceb49f2&page=2&size=5 200 23ms {"ip":"::1","userAgent":"PostmanRuntime/7.37.3"}
2024-06-01 11:35:53 [[32minfo[39m]: GET /api/v1/products/search?keyword=one%20room&category_id=2475f336-641d-4b15-9e20-c79d7ff276e7&sub_category_id=ac998b85-b9fb-48f2-9a7e-e00b3ceb49f2&page=2&size=5 200 24ms {"ip":"::1","userAgent":"PostmanRuntime/7.37.3"}
2024-06-01 11:36:09 [[32minfo[39m]: GET /api/v1/products/search?keyword=one%20room&category_id=2475f336-641d-4b15-9e20-c79d7ff276e7 200 21ms {"ip":"::1","userAgent":"PostmanRuntime/7.37.3"}
2024-06-01 11:36:21 [[32minfo[39m]: GET /api/v1/products/search?keyword=one%20room&category_id=2475f336-641d-4b15-9e20-c79d7ff276e7&sub_category_id=ac998b85-b9fb-48f2-9a7e-e00b3ceb49f2 200 25ms {"ip":"::1","userAgent":"PostmanRuntime/7.37.3"}
2024-06-01 11:36:29 [[32minfo[39m]: GET /api/v1/products/search?keyword=one%20room&category_id=2475f336-641d-4b15-9e20-c79d7ff276e7&sub_category_id=ac998b85-b9fb-48f2-9a7e-e00b3ceb49f2&page=1&size=5 200 7ms {"ip":"::1","userAgent":"PostmanRuntime/7.37.3"}
2024-06-01 11:38:58 [[32minfo[39m]: PUT /api/v1/products/4ba73446-3bc7-452c-8a82-bc2d3fc8b90b 200 74ms {"ip":"::1","userAgent":"PostmanRuntime/7.37.3"}
2024-06-01 11:39:03 [[32minfo[39m]: GET /api/v1/products/search?keyword=one%20room&category_id=2475f336-641d-4b15-9e20-c79d7ff276e7&sub_category_id=ac998b85-b9fb-48f2-9a7e-e00b3ceb49f2&page=1&size=5 200 11ms {"ip":"::1","userAgent":"PostmanRuntime/7.37.3"}
2024-06-01 11:39:17 [[32minfo[39m]: POST /api/v1/categories/2475f336-641d-4b15-9e20-c79d7ff276e7/sub-categories/ac998b85-b9fb-48f2-9a7e-e00b3ceb49f2 200 80ms {"ip":"::1","userAgent":"PostmanRuntime/7.37.3"}
2024-06-01 11:39:24 [[32minfo[39m]: GET /api/v1/products/search?keyword=one%20room&category_id=2475f336-641d-4b15-9e20-c79d7ff276e7&sub_category_id=ac998b85-b9fb-48f2-9a7e-e00b3ceb49f2&page=1&size=5 200 7ms {"ip":"::1","userAgent":"PostmanRuntime/7.37.3"}
2024-06-01 11:39:35 [[32minfo[39m]: DELETE /api/v1/products/99d707b6-6a17-4555-9212-2690d2c5371f 200 66ms {"ip":"::1","userAgent":"PostmanRuntime/7.37.3"}
2024-06-01 11:39:39 [[32minfo[39m]: GET /api/v1/products/search?keyword=one%20room&category_id=2475f336-641d-4b15-9e20-c79d7ff276e7&sub_category_id=ac998b85-b9fb-48f2-9a7e-e00b3ceb49f2&page=1&size=5 200 8ms {"ip":"::1","userAgent":"PostmanRuntime/7.37.3"}
